{"C:\\Users\\joaop\\Desktop\\todo-list_API\\src\\index.ts": {"path":"C:\\Users\\joaop\\Desktop\\todo-list_API\\src\\index.ts","all":true,"statementMap":{"0":{"start":{"line":1,"column":0},"end":{"line":1,"column":42}},"1":{"start":{"line":2,"column":0},"end":{"line":2,"column":30}},"2":{"start":{"line":3,"column":0},"end":{"line":3,"column":0}},"3":{"start":{"line":4,"column":0},"end":{"line":4,"column":14}},"4":{"start":{"line":5,"column":0},"end":{"line":5,"column":25}},"5":{"start":{"line":6,"column":0},"end":{"line":6,"column":79}},"6":{"start":{"line":7,"column":0},"end":{"line":7,"column":5}}},"s":{"0":0,"1":0,"2":0,"3":0,"4":0,"5":0,"6":0},"branchMap":{"0":{"type":"branch","line":1,"loc":{"start":{"line":1,"column":0},"end":{"line":7,"column":5}},"locations":[{"start":{"line":1,"column":0},"end":{"line":7,"column":5}}]}},"b":{"0":[0]},"fnMap":{"0":{"name":"(empty-report)","decl":{"start":{"line":1,"column":0},"end":{"line":7,"column":5}},"loc":{"start":{"line":1,"column":0},"end":{"line":7,"column":5}},"line":1}},"f":{"0":0}}
,"C:\\Users\\joaop\\Desktop\\todo-list_API\\src\\server.ts": {"path":"C:\\Users\\joaop\\Desktop\\todo-list_API\\src\\server.ts","all":false,"statementMap":{"0":{"start":{"line":1,"column":0},"end":{"line":1,"column":23}},"1":{"start":{"line":2,"column":0},"end":{"line":2,"column":41}},"2":{"start":{"line":3,"column":0},"end":{"line":3,"column":40}},"3":{"start":{"line":4,"column":0},"end":{"line":4,"column":49}},"4":{"start":{"line":5,"column":0},"end":{"line":5,"column":49}},"5":{"start":{"line":6,"column":0},"end":{"line":6,"column":49}},"6":{"start":{"line":7,"column":0},"end":{"line":7,"column":66}},"7":{"start":{"line":8,"column":0},"end":{"line":8,"column":0}},"8":{"start":{"line":9,"column":0},"end":{"line":9,"column":25}},"9":{"start":{"line":10,"column":0},"end":{"line":10,"column":0}},"10":{"start":{"line":11,"column":0},"end":{"line":11,"column":34}},"11":{"start":{"line":12,"column":0},"end":{"line":12,"column":14}},"12":{"start":{"line":13,"column":0},"end":{"line":13,"column":2}},"13":{"start":{"line":14,"column":0},"end":{"line":14,"column":0}},"14":{"start":{"line":15,"column":0},"end":{"line":15,"column":30}},"15":{"start":{"line":16,"column":0},"end":{"line":16,"column":0}},"16":{"start":{"line":17,"column":0},"end":{"line":17,"column":54}},"17":{"start":{"line":18,"column":0},"end":{"line":18,"column":0}},"18":{"start":{"line":19,"column":0},"end":{"line":19,"column":19}},"19":{"start":{"line":20,"column":0},"end":{"line":20,"column":0}},"20":{"start":{"line":21,"column":0},"end":{"line":21,"column":39}},"21":{"start":{"line":22,"column":0},"end":{"line":22,"column":39}},"22":{"start":{"line":23,"column":0},"end":{"line":23,"column":26}},"23":{"start":{"line":24,"column":0},"end":{"line":24,"column":0}},"24":{"start":{"line":25,"column":0},"end":{"line":25,"column":22}}},"s":{"0":1,"1":1,"2":1,"3":1,"4":1,"5":1,"6":1,"7":1,"8":1,"9":1,"10":1,"11":1,"12":1,"13":1,"14":1,"15":1,"16":1,"17":1,"18":1,"19":1,"20":1,"21":1,"22":1,"23":1,"24":1},"branchMap":{},"b":{},"fnMap":{},"f":{}}
,"C:\\Users\\joaop\\Desktop\\todo-list_API\\src\\controllers\\auth.controller.ts": {"path":"C:\\Users\\joaop\\Desktop\\todo-list_API\\src\\controllers\\auth.controller.ts","all":false,"statementMap":{"0":{"start":{"line":1,"column":0},"end":{"line":1,"column":46}},"1":{"start":{"line":2,"column":0},"end":{"line":2,"column":59}},"2":{"start":{"line":3,"column":0},"end":{"line":3,"column":59}},"3":{"start":{"line":4,"column":0},"end":{"line":4,"column":0}},"4":{"start":{"line":5,"column":0},"end":{"line":5,"column":30}},"5":{"start":{"line":6,"column":0},"end":{"line":6,"column":0}},"6":{"start":{"line":7,"column":0},"end":{"line":7,"column":44}},"7":{"start":{"line":8,"column":0},"end":{"line":8,"column":53}},"8":{"start":{"line":9,"column":0},"end":{"line":9,"column":30}},"9":{"start":{"line":10,"column":0},"end":{"line":10,"column":3}},"10":{"start":{"line":11,"column":0},"end":{"line":11,"column":0}},"11":{"start":{"line":12,"column":0},"end":{"line":12,"column":74}},"12":{"start":{"line":13,"column":0},"end":{"line":13,"column":50}},"13":{"start":{"line":14,"column":0},"end":{"line":14,"column":30}},"14":{"start":{"line":15,"column":0},"end":{"line":15,"column":3}},"15":{"start":{"line":16,"column":0},"end":{"line":16,"column":0}},"16":{"start":{"line":17,"column":0},"end":{"line":17,"column":79}},"17":{"start":{"line":18,"column":0},"end":{"line":18,"column":25}},"18":{"start":{"line":19,"column":0},"end":{"line":19,"column":3}},"19":{"start":{"line":20,"column":0},"end":{"line":20,"column":0}},"20":{"start":{"line":21,"column":0},"end":{"line":21,"column":20}}},"s":{"0":1,"1":1,"2":1,"3":1,"4":1,"5":1,"6":1,"7":2,"8":2,"9":2,"10":1,"11":1,"12":2,"13":2,"14":2,"15":1,"16":1,"17":1,"18":1,"19":1,"20":1},"branchMap":{"0":{"type":"branch","line":7,"loc":{"start":{"line":7,"column":23},"end":{"line":10,"column":3}},"locations":[{"start":{"line":7,"column":23},"end":{"line":10,"column":3}}]},"1":{"type":"branch","line":12,"loc":{"start":{"line":12,"column":53},"end":{"line":15,"column":3}},"locations":[{"start":{"line":12,"column":53},"end":{"line":15,"column":3}}]},"2":{"type":"branch","line":17,"loc":{"start":{"line":17,"column":58},"end":{"line":19,"column":3}},"locations":[{"start":{"line":17,"column":58},"end":{"line":19,"column":3}}]}},"b":{"0":[2],"1":[2],"2":[1]},"fnMap":{},"f":{}}
,"C:\\Users\\joaop\\Desktop\\todo-list_API\\src\\controllers\\todo.controller.ts": {"path":"C:\\Users\\joaop\\Desktop\\todo-list_API\\src\\controllers\\todo.controller.ts","all":false,"statementMap":{"0":{"start":{"line":1,"column":0},"end":{"line":1,"column":30}},"1":{"start":{"line":2,"column":0},"end":{"line":2,"column":59}},"2":{"start":{"line":3,"column":0},"end":{"line":3,"column":67}},"3":{"start":{"line":4,"column":0},"end":{"line":4,"column":8}},"4":{"start":{"line":5,"column":0},"end":{"line":5,"column":13}},"5":{"start":{"line":6,"column":0},"end":{"line":6,"column":11}},"6":{"start":{"line":7,"column":0},"end":{"line":7,"column":13}},"7":{"start":{"line":8,"column":0},"end":{"line":8,"column":13}},"8":{"start":{"line":9,"column":0},"end":{"line":9,"column":34}},"9":{"start":{"line":10,"column":0},"end":{"line":10,"column":30}},"10":{"start":{"line":11,"column":0},"end":{"line":11,"column":0}},"11":{"start":{"line":12,"column":0},"end":{"line":12,"column":59}},"12":{"start":{"line":13,"column":0},"end":{"line":13,"column":61}},"13":{"start":{"line":14,"column":0},"end":{"line":14,"column":0}},"14":{"start":{"line":15,"column":0},"end":{"line":15,"column":30}},"15":{"start":{"line":16,"column":0},"end":{"line":16,"column":3}},"16":{"start":{"line":17,"column":0},"end":{"line":17,"column":0}},"17":{"start":{"line":18,"column":0},"end":{"line":18,"column":60}},"18":{"start":{"line":19,"column":0},"end":{"line":19,"column":55}},"19":{"start":{"line":20,"column":0},"end":{"line":20,"column":30}},"20":{"start":{"line":21,"column":0},"end":{"line":21,"column":3}},"21":{"start":{"line":22,"column":0},"end":{"line":22,"column":0}},"22":{"start":{"line":23,"column":0},"end":{"line":23,"column":49}},"23":{"start":{"line":24,"column":0},"end":{"line":24,"column":46}},"24":{"start":{"line":25,"column":0},"end":{"line":25,"column":32}},"25":{"start":{"line":26,"column":0},"end":{"line":26,"column":30}},"26":{"start":{"line":27,"column":0},"end":{"line":27,"column":5}},"27":{"start":{"line":28,"column":0},"end":{"line":28,"column":30}},"28":{"start":{"line":29,"column":0},"end":{"line":29,"column":3}},"29":{"start":{"line":30,"column":0},"end":{"line":30,"column":0}},"30":{"start":{"line":31,"column":0},"end":{"line":31,"column":65}},"31":{"start":{"line":32,"column":0},"end":{"line":32,"column":70}},"32":{"start":{"line":33,"column":0},"end":{"line":33,"column":30}},"33":{"start":{"line":34,"column":0},"end":{"line":34,"column":3}},"34":{"start":{"line":35,"column":0},"end":{"line":35,"column":0}},"35":{"start":{"line":36,"column":0},"end":{"line":36,"column":20}}},"s":{"0":1,"1":1,"2":1,"3":1,"4":1,"5":1,"6":1,"7":1,"8":1,"9":1,"10":1,"11":1,"12":1,"13":1,"14":1,"15":1,"16":1,"17":1,"18":2,"19":2,"20":2,"21":1,"22":1,"23":2,"24":2,"25":2,"26":2,"27":2,"28":2,"29":1,"30":1,"31":2,"32":2,"33":2,"34":1,"35":1},"branchMap":{"0":{"type":"branch","line":12,"loc":{"start":{"line":12,"column":38},"end":{"line":16,"column":3}},"locations":[{"start":{"line":12,"column":38},"end":{"line":16,"column":3}}]},"1":{"type":"branch","line":18,"loc":{"start":{"line":18,"column":39},"end":{"line":21,"column":3}},"locations":[{"start":{"line":18,"column":39},"end":{"line":21,"column":3}}]},"2":{"type":"branch","line":23,"loc":{"start":{"line":23,"column":28},"end":{"line":29,"column":3}},"locations":[{"start":{"line":23,"column":28},"end":{"line":29,"column":3}}]},"3":{"type":"branch","line":31,"loc":{"start":{"line":31,"column":44},"end":{"line":34,"column":3}},"locations":[{"start":{"line":31,"column":44},"end":{"line":34,"column":3}}]}},"b":{"0":[1],"1":[2],"2":[2],"3":[2]},"fnMap":{},"f":{}}
,"C:\\Users\\joaop\\Desktop\\todo-list_API\\src\\controllers\\user.controller.ts": {"path":"C:\\Users\\joaop\\Desktop\\todo-list_API\\src\\controllers\\user.controller.ts","all":false,"statementMap":{"0":{"start":{"line":1,"column":0},"end":{"line":1,"column":30}},"1":{"start":{"line":2,"column":0},"end":{"line":2,"column":59}},"2":{"start":{"line":3,"column":0},"end":{"line":3,"column":56}},"3":{"start":{"line":4,"column":0},"end":{"line":4,"column":0}},"4":{"start":{"line":5,"column":0},"end":{"line":5,"column":30}},"5":{"start":{"line":6,"column":0},"end":{"line":6,"column":0}},"6":{"start":{"line":7,"column":0},"end":{"line":7,"column":50}},"7":{"start":{"line":8,"column":0},"end":{"line":8,"column":65}},"8":{"start":{"line":9,"column":0},"end":{"line":9,"column":30}},"9":{"start":{"line":10,"column":0},"end":{"line":10,"column":3}},"10":{"start":{"line":11,"column":0},"end":{"line":11,"column":0}},"11":{"start":{"line":12,"column":0},"end":{"line":12,"column":20}}},"s":{"0":1,"1":1,"2":1,"3":1,"4":1,"5":1,"6":1,"7":2,"8":2,"9":2,"10":1,"11":1},"branchMap":{"0":{"type":"branch","line":7,"loc":{"start":{"line":7,"column":29},"end":{"line":10,"column":3}},"locations":[{"start":{"line":7,"column":29},"end":{"line":10,"column":3}}]}},"b":{"0":[2]},"fnMap":{},"f":{}}
,"C:\\Users\\joaop\\Desktop\\todo-list_API\\src\\database\\sequelize.ts": {"path":"C:\\Users\\joaop\\Desktop\\todo-list_API\\src\\database\\sequelize.ts","all":false,"statementMap":{"0":{"start":{"line":1,"column":0},"end":{"line":1,"column":28}},"1":{"start":{"line":2,"column":0},"end":{"line":2,"column":34}},"2":{"start":{"line":3,"column":0},"end":{"line":3,"column":58}},"3":{"start":{"line":4,"column":0},"end":{"line":4,"column":34}},"4":{"start":{"line":5,"column":0},"end":{"line":5,"column":0}},"5":{"start":{"line":6,"column":0},"end":{"line":6,"column":14}},"6":{"start":{"line":7,"column":0},"end":{"line":7,"column":72}},"7":{"start":{"line":8,"column":0},"end":{"line":8,"column":19}},"8":{"start":{"line":9,"column":0},"end":{"line":9,"column":5}},"9":{"start":{"line":10,"column":0},"end":{"line":10,"column":0}},"10":{"start":{"line":11,"column":0},"end":{"line":11,"column":12}},"11":{"start":{"line":12,"column":0},"end":{"line":12,"column":25}},"12":{"start":{"line":13,"column":0},"end":{"line":13,"column":3}},"13":{"start":{"line":14,"column":0},"end":{"line":14,"column":0}},"14":{"start":{"line":15,"column":0},"end":{"line":15,"column":19}},"15":{"start":{"line":16,"column":0},"end":{"line":16,"column":9}},"16":{"start":{"line":17,"column":0},"end":{"line":17,"column":41}},"17":{"start":{"line":18,"column":0},"end":{"line":18,"column":55}},"18":{"start":{"line":19,"column":0},"end":{"line":19,"column":19}},"19":{"start":{"line":20,"column":0},"end":{"line":20,"column":23}},"20":{"start":{"line":21,"column":0},"end":{"line":21,"column":5}},"21":{"start":{"line":22,"column":0},"end":{"line":22,"column":3}},"22":{"start":{"line":23,"column":0},"end":{"line":23,"column":0}},"23":{"start":{"line":24,"column":0},"end":{"line":24,"column":54}},"24":{"start":{"line":25,"column":0},"end":{"line":25,"column":9}},"25":{"start":{"line":26,"column":0},"end":{"line":26,"column":39}},"26":{"start":{"line":27,"column":0},"end":{"line":27,"column":42}},"27":{"start":{"line":28,"column":0},"end":{"line":28,"column":9}},"28":{"start":{"line":29,"column":0},"end":{"line":29,"column":19}},"29":{"start":{"line":30,"column":0},"end":{"line":30,"column":23}},"30":{"start":{"line":31,"column":0},"end":{"line":31,"column":5}},"31":{"start":{"line":32,"column":0},"end":{"line":32,"column":3}},"32":{"start":{"line":33,"column":0},"end":{"line":33,"column":0}},"33":{"start":{"line":34,"column":0},"end":{"line":34,"column":15}},"34":{"start":{"line":35,"column":0},"end":{"line":35,"column":9}},"35":{"start":{"line":36,"column":0},"end":{"line":36,"column":34}},"36":{"start":{"line":37,"column":0},"end":{"line":37,"column":19}},"37":{"start":{"line":38,"column":0},"end":{"line":38,"column":23}},"38":{"start":{"line":39,"column":0},"end":{"line":39,"column":5}},"39":{"start":{"line":40,"column":0},"end":{"line":40,"column":3}},"40":{"start":{"line":41,"column":0},"end":{"line":41,"column":1}},"41":{"start":{"line":42,"column":0},"end":{"line":42,"column":28}}},"s":{"0":1,"1":1,"2":1,"3":1,"4":1,"5":4,"6":4,"7":4,"8":4,"9":4,"10":4,"11":8,"12":8,"13":4,"14":4,"15":0,"16":0,"17":0,"18":0,"19":0,"20":0,"21":0,"22":4,"23":4,"24":0,"25":0,"26":0,"27":0,"28":0,"29":0,"30":0,"31":0,"32":4,"33":4,"34":4,"35":4,"36":4,"37":0,"38":0,"39":4,"40":4,"41":1},"branchMap":{"0":{"type":"branch","line":6,"loc":{"start":{"line":6,"column":0},"end":{"line":41,"column":1}},"locations":[{"start":{"line":6,"column":0},"end":{"line":41,"column":1}}]},"1":{"type":"branch","line":11,"loc":{"start":{"line":11,"column":2},"end":{"line":13,"column":3}},"locations":[{"start":{"line":11,"column":2},"end":{"line":13,"column":3}}]},"2":{"type":"branch","line":34,"loc":{"start":{"line":34,"column":2},"end":{"line":40,"column":3}},"locations":[{"start":{"line":34,"column":2},"end":{"line":40,"column":3}}]},"3":{"type":"branch","line":37,"loc":{"start":{"line":37,"column":6},"end":{"line":39,"column":5}},"locations":[{"start":{"line":37,"column":6},"end":{"line":39,"column":5}}]}},"b":{"0":[4],"1":[8],"2":[4],"3":[0]},"fnMap":{"0":{"name":"<instance_members_initializer>","decl":{"start":{"line":6,"column":0},"end":{"line":41,"column":1}},"loc":{"start":{"line":6,"column":0},"end":{"line":41,"column":1}},"line":6},"1":{"name":"get db","decl":{"start":{"line":11,"column":2},"end":{"line":13,"column":3}},"loc":{"start":{"line":11,"column":2},"end":{"line":13,"column":3}},"line":11},"2":{"name":"connect","decl":{"start":{"line":15,"column":2},"end":{"line":22,"column":3}},"loc":{"start":{"line":15,"column":2},"end":{"line":22,"column":3}},"line":15},"3":{"name":"sync","decl":{"start":{"line":24,"column":2},"end":{"line":32,"column":3}},"loc":{"start":{"line":24,"column":2},"end":{"line":32,"column":3}},"line":24},"4":{"name":"end","decl":{"start":{"line":34,"column":2},"end":{"line":40,"column":3}},"loc":{"start":{"line":34,"column":2},"end":{"line":40,"column":3}},"line":34}},"f":{"0":4,"1":8,"2":0,"3":0,"4":4}}
,"C:\\Users\\joaop\\Desktop\\todo-list_API\\src\\database\\models\\todo.model.ts": {"path":"C:\\Users\\joaop\\Desktop\\todo-list_API\\src\\database\\models\\todo.model.ts","all":false,"statementMap":{"0":{"start":{"line":1,"column":0},"end":{"line":1,"column":58}},"1":{"start":{"line":2,"column":0},"end":{"line":2,"column":56}},"2":{"start":{"line":3,"column":0},"end":{"line":3,"column":34}},"3":{"start":{"line":4,"column":0},"end":{"line":4,"column":0}},"4":{"start":{"line":5,"column":0},"end":{"line":5,"column":62}},"5":{"start":{"line":6,"column":0},"end":{"line":6,"column":9}},"6":{"start":{"line":7,"column":0},"end":{"line":7,"column":3}},"7":{"start":{"line":8,"column":0},"end":{"line":8,"column":9}},"8":{"start":{"line":9,"column":0},"end":{"line":9,"column":30}},"9":{"start":{"line":10,"column":0},"end":{"line":10,"column":23}},"10":{"start":{"line":11,"column":0},"end":{"line":11,"column":23}},"11":{"start":{"line":12,"column":0},"end":{"line":12,"column":26}},"12":{"start":{"line":13,"column":0},"end":{"line":13,"column":6}},"13":{"start":{"line":14,"column":0},"end":{"line":14,"column":14}},"14":{"start":{"line":15,"column":0},"end":{"line":15,"column":27}},"15":{"start":{"line":16,"column":0},"end":{"line":16,"column":23}},"16":{"start":{"line":17,"column":0},"end":{"line":17,"column":6}},"17":{"start":{"line":18,"column":0},"end":{"line":18,"column":14}},"18":{"start":{"line":19,"column":0},"end":{"line":19,"column":27}},"19":{"start":{"line":20,"column":0},"end":{"line":20,"column":23}},"20":{"start":{"line":21,"column":0},"end":{"line":21,"column":6}},"21":{"start":{"line":22,"column":0},"end":{"line":22,"column":4}},"22":{"start":{"line":23,"column":0},"end":{"line":23,"column":3}},"23":{"start":{"line":24,"column":0},"end":{"line":24,"column":12}},"24":{"start":{"line":25,"column":0},"end":{"line":25,"column":63}},"25":{"start":{"line":26,"column":0},"end":{"line":26,"column":41}},"26":{"start":{"line":27,"column":0},"end":{"line":27,"column":43}},"27":{"start":{"line":28,"column":0},"end":{"line":28,"column":43}},"28":{"start":{"line":29,"column":0},"end":{"line":29,"column":41}},"29":{"start":{"line":30,"column":0},"end":{"line":30,"column":8}},"30":{"start":{"line":31,"column":0},"end":{"line":31,"column":6}},"31":{"start":{"line":32,"column":0},"end":{"line":32,"column":0}},"32":{"start":{"line":33,"column":0},"end":{"line":33,"column":26}},"33":{"start":{"line":34,"column":0},"end":{"line":34,"column":3}},"34":{"start":{"line":35,"column":0},"end":{"line":35,"column":2}},"35":{"start":{"line":36,"column":0},"end":{"line":36,"column":0}},"36":{"start":{"line":37,"column":0},"end":{"line":37,"column":20}}},"s":{"0":1,"1":1,"2":1,"3":1,"4":1,"5":1,"6":1,"7":1,"8":1,"9":1,"10":1,"11":1,"12":1,"13":1,"14":1,"15":1,"16":1,"17":1,"18":1,"19":1,"20":1,"21":1,"22":1,"23":1,"24":1,"25":1,"26":1,"27":1,"28":1,"29":1,"30":1,"31":1,"32":1,"33":1,"34":1,"35":1,"36":1},"branchMap":{"0":{"type":"branch","line":25,"loc":{"start":{"line":25,"column":19},"end":{"line":30,"column":8}},"locations":[{"start":{"line":25,"column":19},"end":{"line":30,"column":8}}]}},"b":{"0":[1]},"fnMap":{"0":{"name":"afterCreate","decl":{"start":{"line":25,"column":19},"end":{"line":30,"column":8}},"loc":{"start":{"line":25,"column":19},"end":{"line":30,"column":8}},"line":25}},"f":{"0":1}}
,"C:\\Users\\joaop\\Desktop\\todo-list_API\\src\\database\\models\\user.model.ts": {"path":"C:\\Users\\joaop\\Desktop\\todo-list_API\\src\\database\\models\\user.model.ts","all":false,"statementMap":{"0":{"start":{"line":1,"column":0},"end":{"line":1,"column":58}},"1":{"start":{"line":2,"column":0},"end":{"line":2,"column":56}},"2":{"start":{"line":3,"column":0},"end":{"line":3,"column":34}},"3":{"start":{"line":4,"column":0},"end":{"line":4,"column":32}},"4":{"start":{"line":5,"column":0},"end":{"line":5,"column":62}},"5":{"start":{"line":6,"column":0},"end":{"line":6,"column":9}},"6":{"start":{"line":7,"column":0},"end":{"line":7,"column":3}},"7":{"start":{"line":8,"column":0},"end":{"line":8,"column":9}},"8":{"start":{"line":9,"column":0},"end":{"line":9,"column":27}},"9":{"start":{"line":10,"column":0},"end":{"line":10,"column":23}},"10":{"start":{"line":11,"column":0},"end":{"line":11,"column":23}},"11":{"start":{"line":12,"column":0},"end":{"line":12,"column":37}},"12":{"start":{"line":13,"column":0},"end":{"line":13,"column":6}},"13":{"start":{"line":14,"column":0},"end":{"line":14,"column":15}},"14":{"start":{"line":15,"column":0},"end":{"line":15,"column":29}},"15":{"start":{"line":16,"column":0},"end":{"line":16,"column":23}},"16":{"start":{"line":17,"column":0},"end":{"line":17,"column":6}},"17":{"start":{"line":18,"column":0},"end":{"line":18,"column":12}},"18":{"start":{"line":19,"column":0},"end":{"line":19,"column":29}},"19":{"start":{"line":20,"column":0},"end":{"line":20,"column":23}},"20":{"start":{"line":21,"column":0},"end":{"line":21,"column":19}},"21":{"start":{"line":22,"column":0},"end":{"line":22,"column":6}},"22":{"start":{"line":23,"column":0},"end":{"line":23,"column":13}},"23":{"start":{"line":24,"column":0},"end":{"line":24,"column":29}},"24":{"start":{"line":25,"column":0},"end":{"line":25,"column":23}},"25":{"start":{"line":26,"column":0},"end":{"line":26,"column":19}},"26":{"start":{"line":27,"column":0},"end":{"line":27,"column":6}},"27":{"start":{"line":28,"column":0},"end":{"line":28,"column":15}},"28":{"start":{"line":29,"column":0},"end":{"line":29,"column":29}},"29":{"start":{"line":30,"column":0},"end":{"line":30,"column":23}},"30":{"start":{"line":31,"column":0},"end":{"line":31,"column":6}},"31":{"start":{"line":32,"column":0},"end":{"line":32,"column":4}},"32":{"start":{"line":33,"column":0},"end":{"line":33,"column":3}},"33":{"start":{"line":34,"column":0},"end":{"line":34,"column":26}},"34":{"start":{"line":35,"column":0},"end":{"line":35,"column":3}},"35":{"start":{"line":36,"column":0},"end":{"line":36,"column":2}},"36":{"start":{"line":37,"column":0},"end":{"line":37,"column":0}},"37":{"start":{"line":38,"column":0},"end":{"line":38,"column":46}},"38":{"start":{"line":39,"column":0},"end":{"line":39,"column":0}},"39":{"start":{"line":40,"column":0},"end":{"line":40,"column":20}}},"s":{"0":1,"1":1,"2":1,"3":1,"4":1,"5":1,"6":1,"7":1,"8":1,"9":1,"10":1,"11":1,"12":1,"13":1,"14":1,"15":1,"16":1,"17":1,"18":1,"19":1,"20":1,"21":1,"22":1,"23":1,"24":1,"25":1,"26":1,"27":1,"28":1,"29":1,"30":1,"31":1,"32":1,"33":1,"34":1,"35":1,"36":1,"37":1,"38":1,"39":1},"branchMap":{},"b":{},"fnMap":{},"f":{}}
,"C:\\Users\\joaop\\Desktop\\todo-list_API\\src\\entities\\todo.entity.ts": {"path":"C:\\Users\\joaop\\Desktop\\todo-list_API\\src\\entities\\todo.entity.ts","all":true,"statementMap":{"0":{"start":{"line":1,"column":0},"end":{"line":1,"column":29}},"1":{"start":{"line":2,"column":0},"end":{"line":2,"column":14}},"2":{"start":{"line":3,"column":0},"end":{"line":3,"column":19}},"3":{"start":{"line":4,"column":0},"end":{"line":4,"column":19}},"4":{"start":{"line":5,"column":0},"end":{"line":5,"column":19}},"5":{"start":{"line":6,"column":0},"end":{"line":6,"column":19}},"6":{"start":{"line":7,"column":0},"end":{"line":7,"column":2}}},"s":{"0":0,"1":0,"2":0,"3":0,"4":0,"5":0,"6":0},"branchMap":{"0":{"type":"branch","line":1,"loc":{"start":{"line":1,"column":0},"end":{"line":7,"column":2}},"locations":[{"start":{"line":1,"column":0},"end":{"line":7,"column":2}}]}},"b":{"0":[0]},"fnMap":{"0":{"name":"(empty-report)","decl":{"start":{"line":1,"column":0},"end":{"line":7,"column":2}},"loc":{"start":{"line":1,"column":0},"end":{"line":7,"column":2}},"line":1}},"f":{"0":0}}
,"C:\\Users\\joaop\\Desktop\\todo-list_API\\src\\entities\\user.entity.ts": {"path":"C:\\Users\\joaop\\Desktop\\todo-list_API\\src\\entities\\user.entity.ts","all":true,"statementMap":{"0":{"start":{"line":1,"column":0},"end":{"line":1,"column":29}},"1":{"start":{"line":2,"column":0},"end":{"line":2,"column":14}},"2":{"start":{"line":3,"column":0},"end":{"line":3,"column":20}},"3":{"start":{"line":4,"column":0},"end":{"line":4,"column":17}},"4":{"start":{"line":5,"column":0},"end":{"line":5,"column":18}},"5":{"start":{"line":6,"column":0},"end":{"line":6,"column":20}},"6":{"start":{"line":7,"column":0},"end":{"line":7,"column":19}},"7":{"start":{"line":8,"column":0},"end":{"line":8,"column":19}},"8":{"start":{"line":9,"column":0},"end":{"line":9,"column":1}}},"s":{"0":0,"1":0,"2":0,"3":0,"4":0,"5":0,"6":0,"7":0,"8":0},"branchMap":{"0":{"type":"branch","line":1,"loc":{"start":{"line":1,"column":0},"end":{"line":9,"column":1}},"locations":[{"start":{"line":1,"column":0},"end":{"line":9,"column":1}}]}},"b":{"0":[0]},"fnMap":{"0":{"name":"(empty-report)","decl":{"start":{"line":1,"column":0},"end":{"line":9,"column":1}},"loc":{"start":{"line":1,"column":0},"end":{"line":9,"column":1}},"line":1}},"f":{"0":0}}
,"C:\\Users\\joaop\\Desktop\\todo-list_API\\src\\middlewares\\auth.middleware.ts": {"path":"C:\\Users\\joaop\\Desktop\\todo-list_API\\src\\middlewares\\auth.middleware.ts","all":false,"statementMap":{"0":{"start":{"line":1,"column":0},"end":{"line":1,"column":58}},"1":{"start":{"line":2,"column":0},"end":{"line":2,"column":41}},"2":{"start":{"line":3,"column":0},"end":{"line":3,"column":44}},"3":{"start":{"line":4,"column":0},"end":{"line":4,"column":0}},"4":{"start":{"line":5,"column":0},"end":{"line":5,"column":78}},"5":{"start":{"line":6,"column":0},"end":{"line":6,"column":58}},"6":{"start":{"line":7,"column":0},"end":{"line":7,"column":0}},"7":{"start":{"line":8,"column":0},"end":{"line":8,"column":7}},"8":{"start":{"line":9,"column":0},"end":{"line":9,"column":37}},"9":{"start":{"line":10,"column":0},"end":{"line":10,"column":28}},"10":{"start":{"line":11,"column":0},"end":{"line":11,"column":11}},"11":{"start":{"line":12,"column":0},"end":{"line":12,"column":11}},"12":{"start":{"line":13,"column":0},"end":{"line":13,"column":17}},"13":{"start":{"line":14,"column":0},"end":{"line":14,"column":70}},"14":{"start":{"line":15,"column":0},"end":{"line":15,"column":32}},"15":{"start":{"line":16,"column":0},"end":{"line":16,"column":11}},"16":{"start":{"line":17,"column":0},"end":{"line":17,"column":3}},"17":{"start":{"line":18,"column":0},"end":{"line":18,"column":2}},"18":{"start":{"line":19,"column":0},"end":{"line":19,"column":0}},"19":{"start":{"line":20,"column":0},"end":{"line":20,"column":21}}},"s":{"0":1,"1":1,"2":1,"3":1,"4":1,"5":11,"6":11,"7":11,"8":11,"9":11,"10":11,"11":11,"12":11,"13":1,"14":1,"15":1,"16":1,"17":11,"18":1,"19":1},"branchMap":{"0":{"type":"branch","line":5,"loc":{"start":{"line":5,"column":18},"end":{"line":18,"column":2}},"locations":[{"start":{"line":5,"column":18},"end":{"line":18,"column":2}}]},"1":{"type":"branch","line":13,"loc":{"start":{"line":13,"column":4},"end":{"line":17,"column":3}},"locations":[{"start":{"line":13,"column":4},"end":{"line":17,"column":3}}]}},"b":{"0":[11],"1":[1]},"fnMap":{"0":{"name":"authToken","decl":{"start":{"line":5,"column":18},"end":{"line":18,"column":2}},"loc":{"start":{"line":5,"column":18},"end":{"line":18,"column":2}},"line":5}},"f":{"0":11}}
,"C:\\Users\\joaop\\Desktop\\todo-list_API\\src\\middlewares\\dataVerify.middleware.ts": {"path":"C:\\Users\\joaop\\Desktop\\todo-list_API\\src\\middlewares\\dataVerify.middleware.ts","all":false,"statementMap":{"0":{"start":{"line":1,"column":0},"end":{"line":1,"column":58}},"1":{"start":{"line":2,"column":0},"end":{"line":2,"column":44}},"2":{"start":{"line":3,"column":0},"end":{"line":3,"column":0}},"3":{"start":{"line":4,"column":0},"end":{"line":4,"column":74}},"4":{"start":{"line":5,"column":0},"end":{"line":5,"column":41}},"5":{"start":{"line":6,"column":0},"end":{"line":6,"column":31}},"6":{"start":{"line":7,"column":0},"end":{"line":7,"column":17}},"7":{"start":{"line":8,"column":0},"end":{"line":8,"column":37}},"8":{"start":{"line":9,"column":0},"end":{"line":9,"column":48}},"9":{"start":{"line":10,"column":0},"end":{"line":10,"column":11}},"10":{"start":{"line":11,"column":0},"end":{"line":11,"column":8}},"11":{"start":{"line":12,"column":0},"end":{"line":12,"column":34}},"12":{"start":{"line":13,"column":0},"end":{"line":13,"column":13}},"13":{"start":{"line":14,"column":0},"end":{"line":14,"column":5}},"14":{"start":{"line":15,"column":0},"end":{"line":15,"column":3}},"15":{"start":{"line":16,"column":0},"end":{"line":16,"column":9}},"16":{"start":{"line":17,"column":0},"end":{"line":17,"column":2}},"17":{"start":{"line":18,"column":0},"end":{"line":18,"column":0}},"18":{"start":{"line":19,"column":0},"end":{"line":19,"column":23}}},"s":{"0":1,"1":1,"2":1,"3":1,"4":14,"5":14,"6":25,"7":1,"8":1,"9":1,"10":1,"11":1,"12":1,"13":1,"14":25,"15":13,"16":13,"17":1,"18":1},"branchMap":{"0":{"type":"branch","line":4,"loc":{"start":{"line":4,"column":20},"end":{"line":17,"column":2}},"locations":[{"start":{"line":4,"column":20},"end":{"line":17,"column":2}}]},"1":{"type":"branch","line":6,"loc":{"start":{"line":6,"column":30},"end":{"line":15,"column":3}},"locations":[{"start":{"line":6,"column":30},"end":{"line":15,"column":3}}]},"2":{"type":"branch","line":7,"loc":{"start":{"line":7,"column":16},"end":{"line":14,"column":5}},"locations":[{"start":{"line":7,"column":16},"end":{"line":14,"column":5}}]},"3":{"type":"branch","line":15,"loc":{"start":{"line":15,"column":2},"end":{"line":17,"column":2}},"locations":[{"start":{"line":15,"column":2},"end":{"line":17,"column":2}}]}},"b":{"0":[14],"1":[25],"2":[1],"3":[13]},"fnMap":{"0":{"name":"emptyString","decl":{"start":{"line":4,"column":20},"end":{"line":17,"column":2}},"loc":{"start":{"line":4,"column":20},"end":{"line":17,"column":2}},"line":4}},"f":{"0":14}}
,"C:\\Users\\joaop\\Desktop\\todo-list_API\\src\\services\\auth.service.ts": {"path":"C:\\Users\\joaop\\Desktop\\todo-list_API\\src\\services\\auth.service.ts","all":false,"statementMap":{"0":{"start":{"line":1,"column":0},"end":{"line":1,"column":49}},"1":{"start":{"line":2,"column":0},"end":{"line":2,"column":53}},"2":{"start":{"line":3,"column":0},"end":{"line":3,"column":37}},"3":{"start":{"line":4,"column":0},"end":{"line":4,"column":39}},"4":{"start":{"line":5,"column":0},"end":{"line":5,"column":48}},"5":{"start":{"line":6,"column":0},"end":{"line":6,"column":0}},"6":{"start":{"line":7,"column":0},"end":{"line":7,"column":43}},"7":{"start":{"line":8,"column":0},"end":{"line":8,"column":7}},"8":{"start":{"line":9,"column":0},"end":{"line":9,"column":58}},"9":{"start":{"line":10,"column":0},"end":{"line":10,"column":45}},"10":{"start":{"line":11,"column":0},"end":{"line":11,"column":0}},"11":{"start":{"line":12,"column":0},"end":{"line":12,"column":36}},"12":{"start":{"line":13,"column":0},"end":{"line":13,"column":17}},"13":{"start":{"line":14,"column":0},"end":{"line":14,"column":30}},"14":{"start":{"line":15,"column":0},"end":{"line":15,"column":3}},"15":{"start":{"line":16,"column":0},"end":{"line":16,"column":1}},"16":{"start":{"line":17,"column":0},"end":{"line":17,"column":0}},"17":{"start":{"line":18,"column":0},"end":{"line":18,"column":55}},"18":{"start":{"line":19,"column":0},"end":{"line":19,"column":7}},"19":{"start":{"line":20,"column":0},"end":{"line":20,"column":37}},"20":{"start":{"line":21,"column":0},"end":{"line":21,"column":23}},"21":{"start":{"line":22,"column":0},"end":{"line":22,"column":37}},"22":{"start":{"line":23,"column":0},"end":{"line":23,"column":7}},"23":{"start":{"line":24,"column":0},"end":{"line":24,"column":0}},"24":{"start":{"line":25,"column":0},"end":{"line":25,"column":15}},"25":{"start":{"line":26,"column":0},"end":{"line":26,"column":49}},"26":{"start":{"line":27,"column":0},"end":{"line":27,"column":18}},"27":{"start":{"line":28,"column":0},"end":{"line":28,"column":28}},"28":{"start":{"line":29,"column":0},"end":{"line":29,"column":8}},"29":{"start":{"line":30,"column":0},"end":{"line":30,"column":26}},"30":{"start":{"line":31,"column":0},"end":{"line":31,"column":78}},"31":{"start":{"line":32,"column":0},"end":{"line":32,"column":7}},"32":{"start":{"line":33,"column":0},"end":{"line":33,"column":5}},"33":{"start":{"line":34,"column":0},"end":{"line":34,"column":60}},"34":{"start":{"line":35,"column":0},"end":{"line":35,"column":17}},"35":{"start":{"line":36,"column":0},"end":{"line":36,"column":30}},"36":{"start":{"line":37,"column":0},"end":{"line":37,"column":3}},"37":{"start":{"line":38,"column":0},"end":{"line":38,"column":1}},"38":{"start":{"line":39,"column":0},"end":{"line":39,"column":0}},"39":{"start":{"line":40,"column":0},"end":{"line":40,"column":27}}},"s":{"0":1,"1":1,"2":1,"3":1,"4":1,"5":1,"6":2,"7":2,"8":2,"9":2,"10":1,"11":1,"12":1,"13":1,"14":1,"15":2,"16":1,"17":2,"18":2,"19":2,"20":2,"21":2,"22":2,"23":2,"24":2,"25":2,"26":2,"27":2,"28":2,"29":2,"30":1,"31":1,"32":2,"33":1,"34":2,"35":0,"36":0,"37":2,"38":1,"39":1},"branchMap":{"0":{"type":"branch","line":7,"loc":{"start":{"line":7,"column":0},"end":{"line":16,"column":1}},"locations":[{"start":{"line":7,"column":0},"end":{"line":16,"column":1}}]},"1":{"type":"branch","line":10,"loc":{"start":{"line":10,"column":42},"end":{"line":15,"column":3}},"locations":[{"start":{"line":10,"column":42},"end":{"line":15,"column":3}}]},"2":{"type":"branch","line":18,"loc":{"start":{"line":18,"column":0},"end":{"line":38,"column":1}},"locations":[{"start":{"line":18,"column":0},"end":{"line":38,"column":1}}]},"3":{"type":"branch","line":30,"loc":{"start":{"line":30,"column":25},"end":{"line":32,"column":7}},"locations":[{"start":{"line":30,"column":25},"end":{"line":32,"column":7}}]},"4":{"type":"branch","line":33,"loc":{"start":{"line":33,"column":4},"end":{"line":35,"column":4}},"locations":[{"start":{"line":33,"column":4},"end":{"line":35,"column":4}}]},"5":{"type":"branch","line":35,"loc":{"start":{"line":35,"column":4},"end":{"line":37,"column":3}},"locations":[{"start":{"line":35,"column":4},"end":{"line":37,"column":3}}]}},"b":{"0":[2],"1":[1],"2":[2],"3":[1],"4":[1],"5":[0]},"fnMap":{"0":{"name":"register","decl":{"start":{"line":7,"column":0},"end":{"line":16,"column":1}},"loc":{"start":{"line":7,"column":0},"end":{"line":16,"column":1}},"line":7},"1":{"name":"login","decl":{"start":{"line":18,"column":0},"end":{"line":38,"column":1}},"loc":{"start":{"line":18,"column":0},"end":{"line":38,"column":1}},"line":18}},"f":{"0":2,"1":2}}
,"C:\\Users\\joaop\\Desktop\\todo-list_API\\src\\services\\todo.service.ts": {"path":"C:\\Users\\joaop\\Desktop\\todo-list_API\\src\\services\\todo.service.ts","all":false,"statementMap":{"0":{"start":{"line":1,"column":0},"end":{"line":1,"column":34}},"1":{"start":{"line":2,"column":0},"end":{"line":2,"column":49}},"2":{"start":{"line":3,"column":0},"end":{"line":3,"column":53}},"3":{"start":{"line":4,"column":0},"end":{"line":4,"column":48}},"4":{"start":{"line":5,"column":0},"end":{"line":5,"column":0}},"5":{"start":{"line":6,"column":0},"end":{"line":6,"column":42}},"6":{"start":{"line":7,"column":0},"end":{"line":7,"column":35}},"7":{"start":{"line":8,"column":0},"end":{"line":8,"column":23}},"8":{"start":{"line":9,"column":0},"end":{"line":9,"column":47}},"9":{"start":{"line":10,"column":0},"end":{"line":10,"column":28}},"10":{"start":{"line":11,"column":0},"end":{"line":11,"column":5}},"11":{"start":{"line":12,"column":0},"end":{"line":12,"column":0}},"12":{"start":{"line":13,"column":0},"end":{"line":13,"column":40}},"13":{"start":{"line":14,"column":0},"end":{"line":14,"column":1}},"14":{"start":{"line":15,"column":0},"end":{"line":15,"column":0}},"15":{"start":{"line":16,"column":0},"end":{"line":16,"column":48}},"16":{"start":{"line":17,"column":0},"end":{"line":17,"column":7}},"17":{"start":{"line":18,"column":0},"end":{"line":18,"column":42}},"18":{"start":{"line":19,"column":0},"end":{"line":19,"column":40}},"19":{"start":{"line":20,"column":0},"end":{"line":20,"column":17}},"20":{"start":{"line":21,"column":0},"end":{"line":21,"column":30}},"21":{"start":{"line":22,"column":0},"end":{"line":22,"column":3}},"22":{"start":{"line":23,"column":0},"end":{"line":23,"column":1}},"23":{"start":{"line":24,"column":0},"end":{"line":24,"column":0}},"24":{"start":{"line":25,"column":0},"end":{"line":25,"column":56}},"25":{"start":{"line":26,"column":0},"end":{"line":26,"column":7}},"26":{"start":{"line":27,"column":0},"end":{"line":27,"column":75}},"27":{"start":{"line":28,"column":0},"end":{"line":28,"column":32}},"28":{"start":{"line":29,"column":0},"end":{"line":29,"column":62}},"29":{"start":{"line":30,"column":0},"end":{"line":30,"column":5}},"30":{"start":{"line":31,"column":0},"end":{"line":31,"column":19}},"31":{"start":{"line":32,"column":0},"end":{"line":32,"column":28}},"32":{"start":{"line":33,"column":0},"end":{"line":33,"column":5}},"33":{"start":{"line":34,"column":0},"end":{"line":34,"column":36}},"34":{"start":{"line":35,"column":0},"end":{"line":35,"column":17}},"35":{"start":{"line":36,"column":0},"end":{"line":36,"column":30}},"36":{"start":{"line":37,"column":0},"end":{"line":37,"column":3}},"37":{"start":{"line":38,"column":0},"end":{"line":38,"column":1}},"38":{"start":{"line":39,"column":0},"end":{"line":39,"column":0}},"39":{"start":{"line":40,"column":0},"end":{"line":40,"column":39}},"40":{"start":{"line":41,"column":0},"end":{"line":41,"column":7}},"41":{"start":{"line":42,"column":0},"end":{"line":42,"column":63}},"42":{"start":{"line":43,"column":0},"end":{"line":43,"column":0}},"43":{"start":{"line":44,"column":0},"end":{"line":44,"column":29}},"44":{"start":{"line":45,"column":0},"end":{"line":45,"column":62}},"45":{"start":{"line":46,"column":0},"end":{"line":46,"column":5}},"46":{"start":{"line":47,"column":0},"end":{"line":47,"column":36}},"47":{"start":{"line":48,"column":0},"end":{"line":48,"column":17}},"48":{"start":{"line":49,"column":0},"end":{"line":49,"column":30}},"49":{"start":{"line":50,"column":0},"end":{"line":50,"column":3}},"50":{"start":{"line":51,"column":0},"end":{"line":51,"column":1}},"51":{"start":{"line":52,"column":0},"end":{"line":52,"column":0}},"52":{"start":{"line":53,"column":0},"end":{"line":53,"column":56}}},"s":{"0":1,"1":1,"2":1,"3":1,"4":1,"5":1,"6":1,"7":1,"8":1,"9":1,"10":1,"11":1,"12":1,"13":1,"14":1,"15":2,"16":2,"17":2,"18":1,"19":1,"20":1,"21":1,"22":2,"23":1,"24":2,"25":2,"26":2,"27":2,"28":1,"29":1,"30":2,"31":0,"32":0,"33":1,"34":2,"35":0,"36":0,"37":2,"38":1,"39":2,"40":2,"41":2,"42":2,"43":2,"44":1,"45":1,"46":1,"47":2,"48":0,"49":0,"50":2,"51":1,"52":1},"branchMap":{"0":{"type":"branch","line":6,"loc":{"start":{"line":6,"column":0},"end":{"line":14,"column":1}},"locations":[{"start":{"line":6,"column":0},"end":{"line":14,"column":1}}]},"1":{"type":"branch","line":16,"loc":{"start":{"line":16,"column":0},"end":{"line":23,"column":1}},"locations":[{"start":{"line":16,"column":0},"end":{"line":23,"column":1}}]},"2":{"type":"branch","line":18,"loc":{"start":{"line":18,"column":33},"end":{"line":22,"column":3}},"locations":[{"start":{"line":18,"column":33},"end":{"line":22,"column":3}}]},"3":{"type":"branch","line":25,"loc":{"start":{"line":25,"column":0},"end":{"line":38,"column":1}},"locations":[{"start":{"line":25,"column":0},"end":{"line":38,"column":1}}]},"4":{"type":"branch","line":28,"loc":{"start":{"line":28,"column":31},"end":{"line":31,"column":18}},"locations":[{"start":{"line":28,"column":31},"end":{"line":31,"column":18}}]},"5":{"type":"branch","line":31,"loc":{"start":{"line":31,"column":18},"end":{"line":33,"column":5}},"locations":[{"start":{"line":31,"column":18},"end":{"line":33,"column":5}}]},"6":{"type":"branch","line":33,"loc":{"start":{"line":33,"column":4},"end":{"line":35,"column":4}},"locations":[{"start":{"line":33,"column":4},"end":{"line":35,"column":4}}]},"7":{"type":"branch","line":35,"loc":{"start":{"line":35,"column":4},"end":{"line":37,"column":3}},"locations":[{"start":{"line":35,"column":4},"end":{"line":37,"column":3}}]},"8":{"type":"branch","line":40,"loc":{"start":{"line":40,"column":0},"end":{"line":51,"column":1}},"locations":[{"start":{"line":40,"column":0},"end":{"line":51,"column":1}}]},"9":{"type":"branch","line":44,"loc":{"start":{"line":44,"column":28},"end":{"line":48,"column":4}},"locations":[{"start":{"line":44,"column":28},"end":{"line":48,"column":4}}]},"10":{"type":"branch","line":48,"loc":{"start":{"line":48,"column":4},"end":{"line":50,"column":3}},"locations":[{"start":{"line":48,"column":4},"end":{"line":50,"column":3}}]}},"b":{"0":[1],"1":[2],"2":[1],"3":[2],"4":[1],"5":[0],"6":[1],"7":[0],"8":[2],"9":[1],"10":[0]},"fnMap":{"0":{"name":"findTodo","decl":{"start":{"line":6,"column":0},"end":{"line":14,"column":1}},"loc":{"start":{"line":6,"column":0},"end":{"line":14,"column":1}},"line":6},"1":{"name":"insertTodo","decl":{"start":{"line":16,"column":0},"end":{"line":23,"column":1}},"loc":{"start":{"line":16,"column":0},"end":{"line":23,"column":1}},"line":16},"2":{"name":"updateTodo","decl":{"start":{"line":25,"column":0},"end":{"line":38,"column":1}},"loc":{"start":{"line":25,"column":0},"end":{"line":38,"column":1}},"line":25},"3":{"name":"deleteTodo","decl":{"start":{"line":40,"column":0},"end":{"line":51,"column":1}},"loc":{"start":{"line":40,"column":0},"end":{"line":51,"column":1}},"line":40}},"f":{"0":1,"1":2,"2":2,"3":2}}
,"C:\\Users\\joaop\\Desktop\\todo-list_API\\src\\services\\user.service.ts": {"path":"C:\\Users\\joaop\\Desktop\\todo-list_API\\src\\services\\user.service.ts","all":false,"statementMap":{"0":{"start":{"line":1,"column":0},"end":{"line":1,"column":49}},"1":{"start":{"line":2,"column":0},"end":{"line":2,"column":48}},"2":{"start":{"line":3,"column":0},"end":{"line":3,"column":0}},"3":{"start":{"line":4,"column":0},"end":{"line":4,"column":41}},"4":{"start":{"line":5,"column":0},"end":{"line":5,"column":40}},"5":{"start":{"line":6,"column":0},"end":{"line":6,"column":29}},"6":{"start":{"line":7,"column":0},"end":{"line":7,"column":5}},"7":{"start":{"line":8,"column":0},"end":{"line":8,"column":2}},"8":{"start":{"line":9,"column":0},"end":{"line":9,"column":13}},"9":{"start":{"line":10,"column":0},"end":{"line":10,"column":72}},"10":{"start":{"line":11,"column":0},"end":{"line":11,"column":3}},"11":{"start":{"line":12,"column":0},"end":{"line":12,"column":62}},"12":{"start":{"line":13,"column":0},"end":{"line":13,"column":1}},"13":{"start":{"line":14,"column":0},"end":{"line":14,"column":0}},"14":{"start":{"line":15,"column":0},"end":{"line":15,"column":24}}},"s":{"0":1,"1":1,"2":1,"3":2,"4":2,"5":2,"6":2,"7":2,"8":2,"9":1,"10":1,"11":1,"12":1,"13":1,"14":1},"branchMap":{"0":{"type":"branch","line":4,"loc":{"start":{"line":4,"column":0},"end":{"line":13,"column":1}},"locations":[{"start":{"line":4,"column":0},"end":{"line":13,"column":1}}]},"1":{"type":"branch","line":9,"loc":{"start":{"line":9,"column":12},"end":{"line":13,"column":1}},"locations":[{"start":{"line":9,"column":12},"end":{"line":13,"column":1}}]}},"b":{"0":[2],"1":[1]},"fnMap":{"0":{"name":"findNickname","decl":{"start":{"line":4,"column":0},"end":{"line":13,"column":1}},"loc":{"start":{"line":4,"column":0},"end":{"line":13,"column":1}},"line":4}},"f":{"0":2}}
,"C:\\Users\\joaop\\Desktop\\todo-list_API\\src\\utils\\bcrypt.ts": {"path":"C:\\Users\\joaop\\Desktop\\todo-list_API\\src\\utils\\bcrypt.ts","all":false,"statementMap":{"0":{"start":{"line":1,"column":0},"end":{"line":1,"column":28}},"1":{"start":{"line":2,"column":0},"end":{"line":2,"column":0}},"2":{"start":{"line":3,"column":0},"end":{"line":3,"column":41}},"3":{"start":{"line":4,"column":0},"end":{"line":4,"column":60}},"4":{"start":{"line":5,"column":0},"end":{"line":5,"column":1}},"5":{"start":{"line":6,"column":0},"end":{"line":6,"column":0}},"6":{"start":{"line":7,"column":0},"end":{"line":7,"column":62}},"7":{"start":{"line":8,"column":0},"end":{"line":8,"column":52}},"8":{"start":{"line":9,"column":0},"end":{"line":9,"column":1}},"9":{"start":{"line":10,"column":0},"end":{"line":10,"column":0}},"10":{"start":{"line":11,"column":0},"end":{"line":11,"column":36}}},"s":{"0":1,"1":1,"2":4,"3":4,"4":4,"5":1,"6":2,"7":2,"8":2,"9":1,"10":1},"branchMap":{"0":{"type":"branch","line":3,"loc":{"start":{"line":3,"column":0},"end":{"line":5,"column":1}},"locations":[{"start":{"line":3,"column":0},"end":{"line":5,"column":1}}]},"1":{"type":"branch","line":7,"loc":{"start":{"line":7,"column":0},"end":{"line":9,"column":1}},"locations":[{"start":{"line":7,"column":0},"end":{"line":9,"column":1}}]}},"b":{"0":[4],"1":[2]},"fnMap":{"0":{"name":"encrypt","decl":{"start":{"line":3,"column":0},"end":{"line":5,"column":1}},"loc":{"start":{"line":3,"column":0},"end":{"line":5,"column":1}},"line":3},"1":{"name":"decrypt","decl":{"start":{"line":7,"column":0},"end":{"line":9,"column":1}},"loc":{"start":{"line":7,"column":0},"end":{"line":9,"column":1}},"line":7}},"f":{"0":4,"1":2}}
,"C:\\Users\\joaop\\Desktop\\todo-list_API\\src\\utils\\jwt.ts": {"path":"C:\\Users\\joaop\\Desktop\\todo-list_API\\src\\utils\\jwt.ts","all":false,"statementMap":{"0":{"start":{"line":1,"column":0},"end":{"line":1,"column":47}},"1":{"start":{"line":2,"column":0},"end":{"line":2,"column":0}},"2":{"start":{"line":3,"column":0},"end":{"line":3,"column":37}},"3":{"start":{"line":4,"column":0},"end":{"line":4,"column":78}},"4":{"start":{"line":5,"column":0},"end":{"line":5,"column":1}},"5":{"start":{"line":6,"column":0},"end":{"line":6,"column":0}},"6":{"start":{"line":7,"column":0},"end":{"line":7,"column":43}},"7":{"start":{"line":8,"column":0},"end":{"line":8,"column":71}},"8":{"start":{"line":9,"column":0},"end":{"line":9,"column":22}},"9":{"start":{"line":10,"column":0},"end":{"line":10,"column":5}},"10":{"start":{"line":11,"column":0},"end":{"line":11,"column":1}},"11":{"start":{"line":12,"column":0},"end":{"line":12,"column":0}},"12":{"start":{"line":13,"column":0},"end":{"line":13,"column":30}}},"s":{"0":1,"1":1,"2":11,"3":11,"4":11,"5":1,"6":6,"7":6,"8":6,"9":6,"10":6,"11":1,"12":1},"branchMap":{"0":{"type":"branch","line":3,"loc":{"start":{"line":3,"column":0},"end":{"line":5,"column":1}},"locations":[{"start":{"line":3,"column":0},"end":{"line":5,"column":1}}]},"1":{"type":"branch","line":7,"loc":{"start":{"line":7,"column":0},"end":{"line":11,"column":1}},"locations":[{"start":{"line":7,"column":0},"end":{"line":11,"column":1}}]}},"b":{"0":[11],"1":[6]},"fnMap":{"0":{"name":"jwtVerify","decl":{"start":{"line":3,"column":0},"end":{"line":5,"column":1}},"loc":{"start":{"line":3,"column":0},"end":{"line":5,"column":1}},"line":3},"1":{"name":"jwtSign","decl":{"start":{"line":7,"column":0},"end":{"line":11,"column":1}},"loc":{"start":{"line":7,"column":0},"end":{"line":11,"column":1}},"line":7}},"f":{"0":11,"1":6}}
,"C:\\Users\\joaop\\Desktop\\todo-list_API\\src\\utils\\responseHandler.ts": {"path":"C:\\Users\\joaop\\Desktop\\todo-list_API\\src\\utils\\responseHandler.ts","all":false,"statementMap":{"0":{"start":{"line":1,"column":0},"end":{"line":1,"column":65}},"1":{"start":{"line":2,"column":0},"end":{"line":2,"column":12}},"2":{"start":{"line":3,"column":0},"end":{"line":3,"column":12}},"3":{"start":{"line":4,"column":0},"end":{"line":4,"column":27}},"4":{"start":{"line":5,"column":0},"end":{"line":5,"column":14}},"5":{"start":{"line":6,"column":0},"end":{"line":6,"column":66}},"6":{"start":{"line":7,"column":0},"end":{"line":7,"column":8}},"7":{"start":{"line":8,"column":0},"end":{"line":8,"column":6}},"8":{"start":{"line":9,"column":0},"end":{"line":9,"column":3}},"9":{"start":{"line":10,"column":0},"end":{"line":10,"column":0}},"10":{"start":{"line":11,"column":0},"end":{"line":11,"column":10}},"11":{"start":{"line":12,"column":0},"end":{"line":12,"column":25}},"12":{"start":{"line":13,"column":0},"end":{"line":13,"column":9}},"13":{"start":{"line":14,"column":0},"end":{"line":14,"column":4}},"14":{"start":{"line":15,"column":0},"end":{"line":15,"column":1}},"15":{"start":{"line":16,"column":0},"end":{"line":16,"column":0}},"16":{"start":{"line":17,"column":0},"end":{"line":17,"column":24}}},"s":{"0":15,"1":15,"2":8,"3":8,"4":8,"5":8,"6":8,"7":8,"8":8,"9":7,"10":7,"11":7,"12":7,"13":7,"14":7,"15":1,"16":1},"branchMap":{"0":{"type":"branch","line":1,"loc":{"start":{"line":1,"column":0},"end":{"line":15,"column":1}},"locations":[{"start":{"line":1,"column":0},"end":{"line":15,"column":1}}]},"1":{"type":"branch","line":2,"loc":{"start":{"line":2,"column":11},"end":{"line":9,"column":3}},"locations":[{"start":{"line":2,"column":11},"end":{"line":9,"column":3}}]},"2":{"type":"branch","line":6,"loc":{"start":{"line":6,"column":27},"end":{"line":6,"column":51}},"locations":[{"start":{"line":6,"column":27},"end":{"line":6,"column":51}}]},"3":{"type":"branch","line":6,"loc":{"start":{"line":6,"column":51},"end":{"line":6,"column":65}},"locations":[{"start":{"line":6,"column":51},"end":{"line":6,"column":65}}]},"4":{"type":"branch","line":9,"loc":{"start":{"line":9,"column":2},"end":{"line":15,"column":1}},"locations":[{"start":{"line":9,"column":2},"end":{"line":15,"column":1}}]}},"b":{"0":[15],"1":[8],"2":[2],"3":[6],"4":[7]},"fnMap":{"0":{"name":"Response","decl":{"start":{"line":1,"column":0},"end":{"line":15,"column":1}},"loc":{"start":{"line":1,"column":0},"end":{"line":15,"column":1}},"line":1}},"f":{"0":15}}
}
