TN:
SF:src\index.ts
FN:1,(empty-report)
FNF:1
FNH:0
FNDA:0,(empty-report)
DA:1,0
DA:2,0
DA:3,0
DA:4,0
DA:5,0
DA:6,0
DA:7,0
DA:8,0
LF:8
LH:0
BRDA:1,0,0,0
BRF:1
BRH:0
end_of_record
TN:
SF:src\server.ts
FNF:0
FNH:0
DA:1,1
DA:2,1
DA:3,1
DA:4,1
DA:5,1
DA:6,1
DA:7,1
DA:8,1
DA:9,1
DA:10,1
DA:11,1
DA:12,1
DA:13,1
DA:14,1
DA:15,1
DA:16,1
DA:17,1
DA:18,1
DA:19,1
DA:20,1
DA:21,1
DA:22,1
DA:23,1
DA:24,1
LF:24
LH:24
BRF:0
BRH:0
end_of_record
TN:
SF:src\controllers\auth.controller.ts
FNF:0
FNH:0
DA:1,1
DA:2,1
DA:3,1
DA:4,1
DA:5,1
DA:6,1
DA:7,1
DA:8,2
DA:9,2
DA:10,2
DA:11,1
DA:12,1
DA:13,3
DA:14,3
DA:15,3
DA:16,1
DA:17,1
DA:18,1
DA:19,1
DA:20,1
DA:21,1
LF:21
LH:21
BRDA:7,0,0,2
BRDA:12,1,0,3
BRDA:17,2,0,1
BRF:3
BRH:3
end_of_record
TN:
SF:src\controllers\todo.controller.ts
FNF:0
FNH:0
DA:1,1
DA:2,1
DA:3,1
DA:4,1
DA:5,1
DA:6,1
DA:7,1
DA:8,1
DA:9,1
DA:10,1
DA:11,1
DA:12,1
DA:13,1
DA:14,1
DA:15,1
DA:16,1
DA:17,1
DA:18,1
DA:19,2
DA:20,2
DA:21,2
DA:22,1
DA:23,1
DA:24,3
DA:25,3
DA:26,3
DA:27,3
DA:28,3
DA:29,3
DA:30,1
DA:31,1
DA:32,3
DA:33,3
DA:34,3
DA:35,1
DA:36,1
LF:36
LH:36
BRDA:12,0,0,1
BRDA:18,1,0,2
BRDA:23,2,0,3
BRDA:31,3,0,3
BRF:4
BRH:4
end_of_record
TN:
SF:src\controllers\user.controller.ts
FNF:0
FNH:0
DA:1,1
DA:2,1
DA:3,1
DA:4,1
DA:5,1
DA:6,1
DA:7,1
DA:8,2
DA:9,2
DA:10,2
DA:11,1
DA:12,1
LF:12
LH:12
BRDA:7,0,0,2
BRF:1
BRH:1
end_of_record
TN:
SF:src\database\sequelize.ts
FN:5,<instance_members_initializer>
FN:10,get db
FN:14,connect
FN:23,sync
FN:33,end
FNF:5
FNH:3
FNDA:4,<instance_members_initializer>
FNDA:8,get db
FNDA:0,connect
FNDA:0,sync
FNDA:4,end
DA:1,1
DA:2,1
DA:3,1
DA:4,1
DA:5,4
DA:6,4
DA:7,4
DA:8,4
DA:9,4
DA:10,4
DA:11,8
DA:12,8
DA:13,4
DA:14,4
DA:15,0
DA:16,0
DA:17,0
DA:18,0
DA:19,0
DA:20,0
DA:21,0
DA:22,4
DA:23,4
DA:24,0
DA:25,0
DA:26,0
DA:27,0
DA:28,0
DA:29,0
DA:30,0
DA:31,0
DA:32,4
DA:33,4
DA:34,4
DA:35,4
DA:36,4
DA:37,0
DA:38,0
DA:39,4
DA:40,4
DA:41,1
LF:41
LH:24
BRDA:5,0,0,4
BRDA:10,1,0,8
BRDA:33,2,0,4
BRDA:36,3,0,0
BRF:4
BRH:3
end_of_record
TN:
SF:src\database\models\todo.model.ts
FN:25,afterCreate
FNF:1
FNH:1
FNDA:1,afterCreate
DA:1,1
DA:2,1
DA:3,1
DA:4,1
DA:5,1
DA:6,1
DA:7,1
DA:8,1
DA:9,1
DA:10,1
DA:11,1
DA:12,1
DA:13,1
DA:14,1
DA:15,1
DA:16,1
DA:17,1
DA:18,1
DA:19,1
DA:20,1
DA:21,1
DA:22,1
DA:23,1
DA:24,1
DA:25,1
DA:26,1
DA:27,1
DA:28,1
DA:29,1
DA:30,1
DA:31,1
DA:32,1
DA:33,1
DA:34,1
DA:35,1
DA:36,1
DA:37,1
LF:37
LH:37
BRDA:25,0,0,1
BRF:1
BRH:1
end_of_record
TN:
SF:src\database\models\user.model.ts
FNF:0
FNH:0
DA:1,1
DA:2,1
DA:3,1
DA:4,1
DA:5,1
DA:6,1
DA:7,1
DA:8,1
DA:9,1
DA:10,1
DA:11,1
DA:12,1
DA:13,1
DA:14,1
DA:15,1
DA:16,1
DA:17,1
DA:18,1
DA:19,1
DA:20,1
DA:21,1
DA:22,1
DA:23,1
DA:24,1
DA:25,1
DA:26,1
DA:27,1
DA:28,1
DA:29,1
DA:30,1
DA:31,1
DA:32,1
DA:33,1
DA:34,1
DA:35,1
DA:36,1
DA:37,1
DA:38,1
DA:39,1
DA:40,1
LF:40
LH:40
BRF:0
BRH:0
end_of_record
TN:
SF:src\entities\todo.entity.ts
FN:1,(empty-report)
FNF:1
FNH:0
FNDA:0,(empty-report)
DA:1,0
DA:2,0
DA:3,0
DA:4,0
DA:5,0
DA:6,0
DA:7,0
LF:7
LH:0
BRDA:1,0,0,0
BRF:1
BRH:0
end_of_record
TN:
SF:src\entities\user.entity.ts
FN:1,(empty-report)
FNF:1
FNH:0
FNDA:0,(empty-report)
DA:1,0
DA:2,0
DA:3,0
DA:4,0
DA:5,0
DA:6,0
DA:7,0
DA:8,0
DA:9,0
LF:9
LH:0
BRDA:1,0,0,0
BRF:1
BRH:0
end_of_record
TN:
SF:src\middlewares\auth.middleware.ts
FN:5,authToken
FNF:1
FNH:1
FNDA:13,authToken
DA:1,1
DA:2,1
DA:3,1
DA:4,1
DA:5,1
DA:6,13
DA:7,13
DA:8,13
DA:9,13
DA:10,13
DA:11,13
DA:12,13
DA:13,13
DA:14,1
DA:15,1
DA:16,1
DA:17,1
DA:18,13
DA:19,1
DA:20,1
LF:20
LH:20
BRDA:5,0,0,13
BRDA:13,1,0,1
BRF:2
BRH:2
end_of_record
TN:
SF:src\middlewares\dataVerify.middleware.ts
FN:4,emptyString
FNF:1
FNH:1
FNDA:16,emptyString
DA:1,1
DA:2,1
DA:3,1
DA:4,1
DA:5,16
DA:6,16
DA:7,27
DA:8,1
DA:9,1
DA:10,1
DA:11,1
DA:12,1
DA:13,1
DA:14,1
DA:15,27
DA:16,15
DA:17,15
DA:18,1
DA:19,1
LF:19
LH:19
BRDA:4,0,0,16
BRDA:6,1,0,27
BRDA:7,2,0,1
BRDA:15,3,0,15
BRF:4
BRH:4
end_of_record
TN:
SF:src\services\auth.service.ts
FN:7,register
FN:18,login
FNF:2
FNH:2
FNDA:2,register
FNDA:3,login
DA:1,1
DA:2,1
DA:3,1
DA:4,1
DA:5,1
DA:6,1
DA:7,2
DA:8,2
DA:9,2
DA:10,2
DA:11,1
DA:12,1
DA:13,1
DA:14,1
DA:15,1
DA:16,2
DA:17,1
DA:18,3
DA:19,3
DA:20,3
DA:21,3
DA:22,3
DA:23,3
DA:24,3
DA:25,3
DA:26,3
DA:27,3
DA:28,3
DA:29,2
DA:30,3
DA:31,1
DA:32,1
DA:33,3
DA:34,1
DA:35,1
DA:36,1
DA:37,1
DA:38,3
DA:39,1
DA:40,1
LF:40
LH:40
BRDA:7,0,0,2
BRDA:10,1,0,1
BRDA:18,2,0,3
BRDA:28,3,0,2
BRDA:30,4,0,1
BRDA:33,5,0,1
BRF:6
BRH:6
end_of_record
TN:
SF:src\services\todo.service.ts
FN:6,findTodo
FN:16,insertTodo
FN:25,updateTodo
FN:37,deleteTodo
FNF:4
FNH:4
FNDA:1,findTodo
FNDA:2,insertTodo
FNDA:3,updateTodo
FNDA:3,deleteTodo
DA:1,1
DA:2,1
DA:3,1
DA:4,1
DA:5,1
DA:6,1
DA:7,1
DA:8,1
DA:9,1
DA:10,1
DA:11,1
DA:12,1
DA:13,1
DA:14,1
DA:15,1
DA:16,2
DA:17,2
DA:18,2
DA:19,1
DA:20,1
DA:21,1
DA:22,1
DA:23,2
DA:24,1
DA:25,3
DA:26,3
DA:27,3
DA:28,3
DA:29,1
DA:30,1
DA:31,1
DA:32,1
DA:33,1
DA:34,1
DA:35,3
DA:36,1
DA:37,3
DA:38,3
DA:39,3
DA:40,2
DA:41,3
DA:42,1
DA:43,1
DA:44,1
DA:45,1
DA:46,1
DA:47,1
DA:48,3
DA:49,1
DA:50,1
LF:50
LH:50
BRDA:6,0,0,1
BRDA:16,1,0,2
BRDA:18,2,0,1
BRDA:25,3,0,3
BRDA:27,4,0,2
BRDA:28,5,0,1
BRDA:37,6,0,3
BRDA:39,7,0,2
BRDA:41,8,0,1
BRF:9
BRH:9
end_of_record
TN:
SF:src\services\user.service.ts
FN:4,findNickname
FNF:1
FNH:1
FNDA:2,findNickname
DA:1,1
DA:2,1
DA:3,1
DA:4,2
DA:5,2
DA:6,2
DA:7,2
DA:8,2
DA:9,2
DA:10,1
DA:11,1
DA:12,1
DA:13,1
DA:14,1
DA:15,1
LF:15
LH:15
BRDA:4,0,0,2
BRDA:9,1,0,1
BRF:2
BRH:2
end_of_record
TN:
SF:src\utils\bcrypt.ts
FN:3,encrypt
FN:7,decrypt
FNF:2
FNH:2
FNDA:4,encrypt
FNDA:3,decrypt
DA:1,1
DA:2,1
DA:3,4
DA:4,4
DA:5,4
DA:6,1
DA:7,3
DA:8,3
DA:9,3
DA:10,1
DA:11,1
LF:11
LH:11
BRDA:3,0,0,4
BRDA:7,1,0,3
BRF:2
BRH:2
end_of_record
TN:
SF:src\utils\jwt.ts
FN:3,jwtVerify
FN:7,jwtSign
FNF:2
FNH:2
FNDA:13,jwtVerify
FNDA:6,jwtSign
DA:1,1
DA:2,1
DA:3,13
DA:4,13
DA:5,13
DA:6,1
DA:7,6
DA:8,6
DA:9,6
DA:10,6
DA:11,6
DA:12,1
DA:13,1
LF:13
LH:13
BRDA:3,0,0,13
BRDA:7,1,0,6
BRF:2
BRH:2
end_of_record
TN:
SF:src\utils\responseHandler.ts
FN:1,Response
FNF:1
FNH:1
FNDA:18,Response
DA:1,18
DA:2,18
DA:3,11
DA:4,11
DA:5,11
DA:6,11
DA:7,11
DA:8,11
DA:9,11
DA:10,7
DA:11,7
DA:12,7
DA:13,7
DA:14,7
DA:15,7
DA:16,1
DA:17,1
LF:17
LH:17
BRDA:1,0,0,18
BRDA:2,1,0,11
BRDA:6,2,0,2
BRDA:6,3,0,9
BRDA:9,4,0,7
BRF:5
BRH:5
end_of_record
