TN:
SF:src\index.ts
FN:1,(empty-report)
FNF:1
FNH:0
FNDA:0,(empty-report)
DA:1,0
DA:2,0
DA:3,0
DA:4,0
DA:5,0
DA:6,0
DA:7,0
LF:7
LH:0
BRDA:1,0,0,0
BRF:1
BRH:0
end_of_record
TN:
SF:src\server.ts
FNF:0
FNH:0
DA:1,1
DA:2,1
DA:3,1
DA:4,1
DA:5,1
DA:6,1
DA:7,1
DA:8,1
DA:9,1
DA:10,1
DA:11,1
DA:12,1
DA:13,1
DA:14,1
DA:15,1
DA:16,1
DA:17,1
DA:18,1
DA:19,1
DA:20,1
DA:21,1
DA:22,1
DA:23,1
DA:24,1
DA:25,1
LF:25
LH:25
BRF:0
BRH:0
end_of_record
TN:
SF:src\controllers\auth.controller.ts
FNF:0
FNH:0
DA:1,1
DA:2,1
DA:3,1
DA:4,1
DA:5,1
DA:6,1
DA:7,1
DA:8,2
DA:9,2
DA:10,2
DA:11,1
DA:12,1
DA:13,2
DA:14,2
DA:15,2
DA:16,1
DA:17,1
DA:18,1
DA:19,1
DA:20,1
DA:21,1
LF:21
LH:21
BRDA:7,0,0,2
BRDA:12,1,0,2
BRDA:17,2,0,1
BRF:3
BRH:3
end_of_record
TN:
SF:src\controllers\todo.controller.ts
FNF:0
FNH:0
DA:1,1
DA:2,1
DA:3,1
DA:4,1
DA:5,1
DA:6,1
DA:7,1
DA:8,1
DA:9,1
DA:10,1
DA:11,1
DA:12,1
DA:13,1
DA:14,1
DA:15,1
DA:16,1
DA:17,1
DA:18,1
DA:19,2
DA:20,2
DA:21,2
DA:22,1
DA:23,1
DA:24,2
DA:25,2
DA:26,2
DA:27,2
DA:28,2
DA:29,2
DA:30,1
DA:31,1
DA:32,2
DA:33,2
DA:34,2
DA:35,1
DA:36,1
LF:36
LH:36
BRDA:12,0,0,1
BRDA:18,1,0,2
BRDA:23,2,0,2
BRDA:31,3,0,2
BRF:4
BRH:4
end_of_record
TN:
SF:src\controllers\user.controller.ts
FNF:0
FNH:0
DA:1,1
DA:2,1
DA:3,1
DA:4,1
DA:5,1
DA:6,1
DA:7,1
DA:8,2
DA:9,2
DA:10,2
DA:11,1
DA:12,1
LF:12
LH:12
BRDA:7,0,0,2
BRF:1
BRH:1
end_of_record
TN:
SF:src\database\sequelize.ts
FN:6,<instance_members_initializer>
FN:11,get db
FN:15,connect
FN:24,sync
FN:34,end
FNF:5
FNH:3
FNDA:4,<instance_members_initializer>
FNDA:8,get db
FNDA:0,connect
FNDA:0,sync
FNDA:4,end
DA:1,1
DA:2,1
DA:3,1
DA:4,1
DA:5,1
DA:6,4
DA:7,4
DA:8,4
DA:9,4
DA:10,4
DA:11,4
DA:12,8
DA:13,8
DA:14,4
DA:15,4
DA:16,0
DA:17,0
DA:18,0
DA:19,0
DA:20,0
DA:21,0
DA:22,0
DA:23,4
DA:24,4
DA:25,0
DA:26,0
DA:27,0
DA:28,0
DA:29,0
DA:30,0
DA:31,0
DA:32,0
DA:33,4
DA:34,4
DA:35,4
DA:36,4
DA:37,4
DA:38,0
DA:39,0
DA:40,4
DA:41,4
DA:42,1
LF:42
LH:25
BRDA:6,0,0,4
BRDA:11,1,0,8
BRDA:34,2,0,4
BRDA:37,3,0,0
BRF:4
BRH:3
end_of_record
TN:
SF:src\database\models\todo.model.ts
FN:25,afterCreate
FNF:1
FNH:1
FNDA:1,afterCreate
DA:1,1
DA:2,1
DA:3,1
DA:4,1
DA:5,1
DA:6,1
DA:7,1
DA:8,1
DA:9,1
DA:10,1
DA:11,1
DA:12,1
DA:13,1
DA:14,1
DA:15,1
DA:16,1
DA:17,1
DA:18,1
DA:19,1
DA:20,1
DA:21,1
DA:22,1
DA:23,1
DA:24,1
DA:25,1
DA:26,1
DA:27,1
DA:28,1
DA:29,1
DA:30,1
DA:31,1
DA:32,1
DA:33,1
DA:34,1
DA:35,1
DA:36,1
DA:37,1
LF:37
LH:37
BRDA:25,0,0,1
BRF:1
BRH:1
end_of_record
TN:
SF:src\database\models\user.model.ts
FNF:0
FNH:0
DA:1,1
DA:2,1
DA:3,1
DA:4,1
DA:5,1
DA:6,1
DA:7,1
DA:8,1
DA:9,1
DA:10,1
DA:11,1
DA:12,1
DA:13,1
DA:14,1
DA:15,1
DA:16,1
DA:17,1
DA:18,1
DA:19,1
DA:20,1
DA:21,1
DA:22,1
DA:23,1
DA:24,1
DA:25,1
DA:26,1
DA:27,1
DA:28,1
DA:29,1
DA:30,1
DA:31,1
DA:32,1
DA:33,1
DA:34,1
DA:35,1
DA:36,1
DA:37,1
DA:38,1
DA:39,1
DA:40,1
LF:40
LH:40
BRF:0
BRH:0
end_of_record
TN:
SF:src\entities\todo.entity.ts
FN:1,(empty-report)
FNF:1
FNH:0
FNDA:0,(empty-report)
DA:1,0
DA:2,0
DA:3,0
DA:4,0
DA:5,0
DA:6,0
DA:7,0
LF:7
LH:0
BRDA:1,0,0,0
BRF:1
BRH:0
end_of_record
TN:
SF:src\entities\user.entity.ts
FN:1,(empty-report)
FNF:1
FNH:0
FNDA:0,(empty-report)
DA:1,0
DA:2,0
DA:3,0
DA:4,0
DA:5,0
DA:6,0
DA:7,0
DA:8,0
DA:9,0
LF:9
LH:0
BRDA:1,0,0,0
BRF:1
BRH:0
end_of_record
TN:
SF:src\middlewares\auth.middleware.ts
FN:5,authToken
FNF:1
FNH:1
FNDA:11,authToken
DA:1,1
DA:2,1
DA:3,1
DA:4,1
DA:5,1
DA:6,11
DA:7,11
DA:8,11
DA:9,11
DA:10,11
DA:11,11
DA:12,11
DA:13,11
DA:14,1
DA:15,1
DA:16,1
DA:17,1
DA:18,11
DA:19,1
DA:20,1
LF:20
LH:20
BRDA:5,0,0,11
BRDA:13,1,0,1
BRF:2
BRH:2
end_of_record
TN:
SF:src\middlewares\dataVerify.middleware.ts
FN:4,emptyString
FNF:1
FNH:1
FNDA:14,emptyString
DA:1,1
DA:2,1
DA:3,1
DA:4,1
DA:5,14
DA:6,14
DA:7,25
DA:8,1
DA:9,1
DA:10,1
DA:11,1
DA:12,1
DA:13,1
DA:14,1
DA:15,25
DA:16,13
DA:17,13
DA:18,1
DA:19,1
LF:19
LH:19
BRDA:4,0,0,14
BRDA:6,1,0,25
BRDA:7,2,0,1
BRDA:15,3,0,13
BRF:4
BRH:4
end_of_record
TN:
SF:src\services\auth.service.ts
FN:7,register
FN:18,login
FNF:2
FNH:2
FNDA:2,register
FNDA:2,login
DA:1,1
DA:2,1
DA:3,1
DA:4,1
DA:5,1
DA:6,1
DA:7,2
DA:8,2
DA:9,2
DA:10,2
DA:11,1
DA:12,1
DA:13,1
DA:14,1
DA:15,1
DA:16,2
DA:17,1
DA:18,2
DA:19,2
DA:20,2
DA:21,2
DA:22,2
DA:23,2
DA:24,2
DA:25,2
DA:26,2
DA:27,2
DA:28,2
DA:29,2
DA:30,2
DA:31,1
DA:32,1
DA:33,2
DA:34,1
DA:35,2
DA:36,0
DA:37,0
DA:38,2
DA:39,1
DA:40,1
LF:40
LH:38
BRDA:7,0,0,2
BRDA:10,1,0,1
BRDA:18,2,0,2
BRDA:30,3,0,1
BRDA:33,4,0,1
BRDA:35,5,0,0
BRF:6
BRH:5
end_of_record
TN:
SF:src\services\todo.service.ts
FN:6,findTodo
FN:16,insertTodo
FN:25,updateTodo
FN:40,deleteTodo
FNF:4
FNH:4
FNDA:1,findTodo
FNDA:2,insertTodo
FNDA:2,updateTodo
FNDA:2,deleteTodo
DA:1,1
DA:2,1
DA:3,1
DA:4,1
DA:5,1
DA:6,1
DA:7,1
DA:8,1
DA:9,1
DA:10,1
DA:11,1
DA:12,1
DA:13,1
DA:14,1
DA:15,1
DA:16,2
DA:17,2
DA:18,2
DA:19,1
DA:20,1
DA:21,1
DA:22,1
DA:23,2
DA:24,1
DA:25,2
DA:26,2
DA:27,2
DA:28,2
DA:29,1
DA:30,1
DA:31,2
DA:32,0
DA:33,0
DA:34,1
DA:35,2
DA:36,0
DA:37,0
DA:38,2
DA:39,1
DA:40,2
DA:41,2
DA:42,2
DA:43,2
DA:44,2
DA:45,1
DA:46,1
DA:47,1
DA:48,2
DA:49,0
DA:50,0
DA:51,2
DA:52,1
DA:53,1
LF:53
LH:47
BRDA:6,0,0,1
BRDA:16,1,0,2
BRDA:18,2,0,1
BRDA:25,3,0,2
BRDA:28,4,0,1
BRDA:31,5,0,0
BRDA:33,6,0,1
BRDA:35,7,0,0
BRDA:40,8,0,2
BRDA:44,9,0,1
BRDA:48,10,0,0
BRF:11
BRH:8
end_of_record
TN:
SF:src\services\user.service.ts
FN:4,findNickname
FNF:1
FNH:1
FNDA:2,findNickname
DA:1,1
DA:2,1
DA:3,1
DA:4,2
DA:5,2
DA:6,2
DA:7,2
DA:8,2
DA:9,2
DA:10,1
DA:11,1
DA:12,1
DA:13,1
DA:14,1
DA:15,1
LF:15
LH:15
BRDA:4,0,0,2
BRDA:9,1,0,1
BRF:2
BRH:2
end_of_record
TN:
SF:src\utils\bcrypt.ts
FN:3,encrypt
FN:7,decrypt
FNF:2
FNH:2
FNDA:4,encrypt
FNDA:2,decrypt
DA:1,1
DA:2,1
DA:3,4
DA:4,4
DA:5,4
DA:6,1
DA:7,2
DA:8,2
DA:9,2
DA:10,1
DA:11,1
LF:11
LH:11
BRDA:3,0,0,4
BRDA:7,1,0,2
BRF:2
BRH:2
end_of_record
TN:
SF:src\utils\jwt.ts
FN:3,jwtVerify
FN:7,jwtSign
FNF:2
FNH:2
FNDA:11,jwtVerify
FNDA:6,jwtSign
DA:1,1
DA:2,1
DA:3,11
DA:4,11
DA:5,11
DA:6,1
DA:7,6
DA:8,6
DA:9,6
DA:10,6
DA:11,6
DA:12,1
DA:13,1
LF:13
LH:13
BRDA:3,0,0,11
BRDA:7,1,0,6
BRF:2
BRH:2
end_of_record
TN:
SF:src\utils\responseHandler.ts
FN:1,Response
FNF:1
FNH:1
FNDA:15,Response
DA:1,15
DA:2,15
DA:3,8
DA:4,8
DA:5,8
DA:6,8
DA:7,8
DA:8,8
DA:9,8
DA:10,7
DA:11,7
DA:12,7
DA:13,7
DA:14,7
DA:15,7
DA:16,1
DA:17,1
LF:17
LH:17
BRDA:1,0,0,15
BRDA:2,1,0,8
BRDA:6,2,0,2
BRDA:6,3,0,6
BRDA:9,4,0,7
BRF:5
BRH:5
end_of_record
